MouseMove 647 217 False
MouseMove 642 210 False
MouseMove 636 203 False
MouseMove 632 197 False
MouseMove 628 191 False
MouseMove 625 186 False
MouseMove 623 180 False
MouseMove 621 176 False
MouseMove 620 172 False
MouseMove 619 168 False
MouseMove 618 165 False
MouseMove 616 162 False
MouseMove 615 160 False
MouseMove 613 158 False
MouseMove 612 156 False
MouseMove 608 155 False
MouseMove 605 154 False
MouseMove 601 153 False
MouseMove 597 152 False
MouseMove 594 153 False
MouseMove 589 153 False
MouseMove 583 154 False
MouseMove 580 155 False
MouseMove 574 156 False
MouseMove 570 158 False
MouseMove 566 160 False
MouseMove 564 163 False
MouseMove 562 165 False
MouseMove 560 168 False
MouseMove 560 172 False
MouseMove 560 176 False
MouseMove 561 179 False
MouseMove 565 184 False
MouseMove 571 187 False
MouseMove 578 192 False
MouseMove 588 197 False
MouseMove 597 202 False
MouseMove 608 208 False
MouseMove 619 215 False
MouseMove 631 222 False
MouseMove 642 229 False
MouseMove 653 236 False
MouseMove 664 243 False
MouseMove 674 251 False
MouseMove 683 259 False
MouseMove 693 267 False
MouseMove 701 275 False
MouseMove 710 284 False
MouseMove 716 293 False
MouseMove 724 303 False
MouseMove 730 313 False
MouseMove 737 322 False
MouseMove 745 333 False
MouseMove 754 345 False
MouseMove 762 357 False
MouseMove 771 370 False
MouseMove 777 384 False
MouseMove 784 397 False
MouseMove 791 410 False
MouseMove 796 421 False
MouseMove 802 433 False
MouseMove 807 444 False
MouseMove 813 456 False
MouseMove 818 467 False
MouseMove 822 477 False
MouseMove 825 485 False
MouseMove 824 495 False
MouseMove 822 505 False
MouseMove 821 513 False
MouseMove 828 521 False
MouseMove 831 528 False
MouseMove 835 535 False
MouseMove 837 540 False
MouseMove 835 545 False
MouseMove 839 550 False
MouseMove 837 554 False
MouseMove 838 557 False
MouseMove 840 559 False
MouseMove 841 562 False
MouseMove 843 564 False
MouseMove 845 565 False
MouseMove 846 566 False
MouseMove 846 567 False
MouseMove 842 568 False
MouseMove 844 569 False
MouseMove 839 569 False
MouseMove 835 568 False
MouseMove 837 568 False
MouseMove 839 567 False
MouseMove 835 566 False
MouseMove 836 565 False
MouseMove 841 563 False
MouseMove 846 561 False
MouseMove 844 560 False
MouseMove 843 559 False
MouseMove 842 558 False
MouseMove 839 557 False
MouseMove 838 557 False
MouseMove 838 556 False
MouseMove 837 556 False
MouseMove 836 555 False
MouseMove 836 553 False
MouseMove 838 552 False
MouseMove 840 549 False
MouseMove 843 546 False
MouseMove 844 546 False
MouseMove 844 545 False
MouseMove 842 544 False
MouseMove 842 543 False
MouseMove 842 542 False
MouseMove 842 540 False
MouseMove 840 539 False
MouseMove 839 538 False
MouseMove 836 537 False
MouseMove 836 536 False
MouseMove 835 535 False
MouseMove 834 534 False
MouseMove 835 534 False
MouseMove 836 534 False
MouseMove 837 534 False
MouseMove 840 533 False
MouseMove 842 532 False
MouseMove 843 532 False
MouseMove 844 532 False
MouseMove 843 532 False
MouseMove 843 531 False
MouseMove 840 527 False
MouseMove 837 523 False
MouseMove 832 517 False
MouseMove 828 509 False
MouseMove 822 499 False
MouseMove 813 487 False
MouseMove 805 474 False
MouseMove 796 459 False
MouseMove 787 445 False
MouseMove 776 429 False
MouseMove 765 414 False
MouseMove 754 399 False
MouseMove 742 384 False
MouseMove 730 369 False
MouseMove 718 355 False
MouseMove 708 342 False
MouseMove 698 330 False
MouseMove 689 320 False
MouseMove 680 310 False
MouseMove 673 301 False
MouseMove 668 293 False
MouseMove 662 286 False
MouseMove 656 279 False
MouseMove 652 273 False
MouseMove 649 269 False
MouseMove 644 264 False
MouseMove 642 261 False
MouseMove 640 258 False
MouseMove 640 255 False
MouseMove 638 253 False
MouseMove 638 251 False
MouseMove 637 250 False
MouseMove 637 249 False
MouseMove 637 248 False
MouseMove 639 247 False
MouseMove 640 247 False
MouseMove 641 247 False
MouseMove 642 247 False
MouseMove 643 247 False
MouseMove 644 247 False
MouseMove 645 247 False
MouseMove 646 248 False
MouseMove 648 248 False
MouseMove 649 249 False
MouseMove 650 250 False
MouseMove 651 251 False
MouseMove 652 252 False
MouseMove 653 253 False
MouseMove 655 254 False
MouseMove 655 255 False
MouseMove 656 256 False
MouseMove 657 256 False
MouseMove 657 257 False
MouseMove 657 258 False
MouseMove 658 258 False
MouseMove 658 259 False
MouseMove 658 260 False
MouseMove 659 260 False
MouseMove 660 260 False
MouseMove 659 260 False
MouseMove 659 261 False
MouseMove 658 261 False
MouseMove 659 261 False
MouseMove 659 260 False
MouseMove 660 260 False
MouseMove 659 260 False
MouseMove 660 260 False
MouseMove 661 261 False
MouseMove 662 262 False
MouseMove 661 262 False
MouseMove 663 263 False
MouseMove 664 264 False
MouseMove 666 267 False
MouseMove 669 270 False
MouseMove 675 275 False
MouseMove 682 281 False
MouseMove 689 288 False
MouseMove 697 297 False
MouseMove 708 307 False
MouseMove 719 319 False
MouseMove 732 332 False
MouseMove 746 346 False
MouseMove 761 361 False
MouseMove 775 376 False
MouseMove 790 392 False
MouseMove 802 407 False
MouseMove 808 421 False
MouseMove 817 433 False
MouseMove 825 444 False
MouseMove 829 454 False
MouseMove 834 464 False
MouseMove 835 474 False
MouseMove 834 485 False
MouseMove 831 495 False
MouseMove 828 507 False
MouseMove 818 520 False
MouseMove 815 533 False
MouseMove 806 547 False
MouseMove 802 561 False
MouseMove 795 575 False
MouseMove 789 588 False
MouseMove 783 600 False
MouseMove 774 611 False
MouseMove 770 622 False
MouseMove 766 632 False
MouseMove 767 639 False
MouseMove 760 648 False
MouseMove 761 655 False
MouseMove 752 659 False
MouseMove 749 663 False
MouseMove 747 667 False
MouseMove 745 671 False
MouseMove 743 674 False
MouseMove 742 677 False
MouseMove 740 679 False
MouseMove 739 680 False
MouseMove 738 682 False
MouseMove 736 683 False
MouseMove 735 684 False
MouseMove 733 685 False
MouseMove 730 686 False
MouseMove 729 686 False
MouseMove 728 686 False
MouseMove 727 687 False
MouseMove 727 688 False
MouseMove 726 688 False
MouseMove 722 687 False
MouseMove 722 688 False
MouseMove 729 689 False
MouseMove 736 689 False
MouseMove 734 687 False
MouseMove 733 686 False
MouseMove 731 684 False
MouseMove 735 684 False
MouseMove 734 683 False
MouseMove 737 682 False
MouseMove 736 679 False
MouseMove 738 677 False
MouseMove 733 674 False
MouseMove 731 669 False
MouseMove 739 663 False
MouseMove 744 657 False
MouseMove 750 651 False
MouseMove 755 644 False
MouseMove 762 635 False
MouseMove 768 628 False
MouseMove 776 620 False
MouseMove 785 612 False
MouseMove 791 604 False
MouseMove 797 597 False
MouseMove 801 590 False
MouseMove 805 585 False
MouseMove 809 580 False
MouseMove 812 576 False
MouseMove 815 572 False
MouseMove 817 568 False
MouseMove 821 565 False
MouseMove 823 562 False
MouseMove 826 559 False
MouseMove 828 555 False
MouseMove 831 552 False
MouseMove 833 548 False
MouseMove 835 545 False
MouseMove 836 541 False
MouseMove 836 537 False
MouseMove 836 533 False
MouseMove 836 530 False
MouseMove 836 527 False
MouseMove 836 525 False
MouseMove 837 523 False
MouseMove 838 521 False
MouseMove 838 520 False
MouseMove 838 519 False
MouseMove 839 518 False
MouseMove 839 517 False
MouseMove 839 516 False
MouseMove 839 517 False
MouseMove 840 518 False
MouseMove 841 520 False
MouseMove 841 521 False
MouseMove 842 522 False
MouseMove 842 523 False
MouseMove 843 524 False
MouseMove 844 525 False
MouseMove 845 526 False
MouseMove 846 526 False
MouseMove 847 527 False
MouseMove 847 528 False
MouseMove 848 529 False
MouseMove 847 530 False
MouseMove 848 530 False
MouseMove 847 530 False
MouseMove 848 530 False
MouseMove 848 529 False
MouseMove 849 528 False
MouseMove 850 526 False
MouseMove 851 523 False
MouseMove 852 519 False
MouseMove 853 515 False
MouseMove 854 510 False
MouseMove 856 506 False
MouseMove 857 502 False
MouseMove 859 499 False
MouseMove 861 494 False
MouseMove 864 490 False
MouseMove 868 486 False
MouseMove 873 482 False
MouseMove 882 478 False
MouseMove 893 472 False
MouseMove 903 466 False
MouseMove 913 458 False
MouseMove 924 450 False
MouseMove 935 442 False
MouseMove 947 434 False
MouseMove 958 426 False
MouseMove 970 418 False
MouseMove 985 411 False
MouseMove 999 403 False
MouseMove 1017 396 False
MouseMove 1034 390 False
MouseMove 1052 383 False
MouseMove 1069 376 False
MouseMove 1084 369 False
MouseMove 1100 362 False
MouseMove 1114 355 False
MouseMove 1126 348 False
MouseMove 1140 341 False
MouseMove 1151 336 False
MouseMove 1160 330 False
MouseMove 1166 325 False
MouseMove 1175 320 False
MouseMove 1181 316 False
MouseMove 1185 311 False
MouseMove 1191 308 False
MouseMove 1196 304 False
MouseMove 1201 301 False
MouseMove 1206 297 False
MouseMove 1210 295 False
MouseMove 1213 292 False
MouseMove 1217 290 False
MouseMove 1220 287 False
MouseMove 1222 286 False
MouseMove 1224 284 False
MouseMove 1225 282 False
MouseMove 1227 281 False
MouseMove 1227 279 False
MouseMove 1226 278 False
MouseMove 1226 276 False
MouseMove 1224 275 False
MouseMove 1225 275 False
MouseMove 1226 275 False
MouseMove 1227 275 False
MouseMove 1226 275 False
MouseMove 1225 276 False
MouseMove 1226 276 False
MouseMove 1226 277 False
MouseMove 1227 277 False
MouseMove 1227 278 False
MouseMove 1228 278 False
MouseMove 1228 279 False
MouseMove 1228 280 False
MouseMove 1229 281 False
MouseMove 1230 281 False
MouseMove 1230 282 False
MouseMove 1230 283 False
MouseMove 1230 284 False
MouseMove 1229 284 False
MouseMove 1229 285 False
MouseMove 1230 285 False
MouseMove 1229 285 False
MouseMove 1229 284 False
MouseMove 1226 284 False
MouseMove 1222 283 False
MouseMove 1221 283 False
MouseMove 1219 283 False
MouseMove 1218 283 False
MouseMove 1217 283 False
MouseMove 1216 283 False
MouseMove 1215 283 False
MouseMove 1214 283 False
MouseMove 1213 283 False
MouseMove 1212 283 False
MouseMove 1211 283 False
MouseMove 1212 283 False
MouseMove 1211 283 False
MouseMove 1212 283 False
MouseMove 1212 284 False
MouseMove 1212 283 False
MouseMove 1213 283 False
MouseMove 1214 283 False
MouseMove 1213 282 False
MouseMove 1212 282 False
MouseMove 1212 283 False
MouseMove 1214 283 False
MouseMove 1215 283 False
MouseMove 1214 283 False
MouseMove 1216 282 False
MouseMove 1217 282 False
MouseMove 1215 282 False
MouseMove 1217 282 False
MouseMove 1218 282 False
MouseMove 1219 282 False
MouseMove 1219 281 False
MouseMove 1220 281 False
MouseMove 1220 280 False
MouseMove 1221 280 False
MouseMove 1222 280 False
MouseMove 1221 280 False
MouseMove 1222 280 False
MouseMove 1221 279 False
MouseMove 1220 279 False
MouseMove 1219 279 False
MouseMove 1218 279 False
MouseMove 1218 278 False
MouseMove 1217 278 False
MouseMove 1217 277 False
MouseMove 1216 277 False
MouseMove 1215 277 False
MouseMove 1213 277 False
MouseMove 1210 276 False
MouseMove 1211 276 False
MouseMove 1212 276 False
MouseMove 1211 276 False
MouseMove 1210 276 False
MouseMove 1209 276 False
MouseMove 1207 275 False
MouseMove 1206 274 False
MouseMove 1204 273 False
MouseMove 1203 273 False
MouseMove 1202 273 False
MouseMove 1201 273 False
MouseMove 1200 273 False
MouseMove 1199 272 False
MouseMove 1194 271 False
MouseMove 1191 271 False
MouseMove 1187 270 False
MouseMove 1184 270 False
MouseMove 1181 269 False
MouseMove 1178 269 False
MouseMove 1176 269 False
MouseMove 1175 269 False
MouseMove 1173 268 False
MouseMove 1172 268 False
MouseMove 1171 268 False
MouseMove 1174 268 False
MouseMove 1177 267 False
MouseMove 1179 267 False
MouseMove 1182 267 False
MouseMove 1185 267 False
MouseMove 1187 267 False
MouseMove 1191 267 False
MouseMove 1195 267 False
MouseMove 1201 268 False
MouseMove 1205 269 False
MouseMove 1210 270 False
MouseMove 1213 270 False
MouseMove 1217 270 False
MouseMove 1221 271 False
MouseMove 1224 271 False
MouseMove 1224 272 False
MouseMove 1228 273 False
MouseMove 1232 273 False
MouseMove 1233 274 False
MouseMove 1236 275 False
MouseMove 1239 275 False
MouseMove 1238 275 False
MouseMove 1239 274 False
MouseMove 1240 274 False
MouseMove 1241 273 False
MouseMove 1241 272 False
MouseMove 1241 271 False
MouseMove 1240 271 False
MouseMove 1239 270 False
MouseMove 1237 270 False
MouseMove 1235 269 False
MouseMove 1235 268 False
MouseMove 1234 267 False
MouseMove 1232 266 False
MouseMove 1231 266 False
MouseMove 1230 265 False
MouseMove 1229 264 False
MouseMove 1228 263 False
MouseMove 1227 263 False
MouseMove 1226 262 False
MouseMove 1225 262 False
MouseMove 1224 263 False
MouseMove 1223 263 False
MouseMove 1222 264 False
MouseMove 1221 264 False
MouseMove 1218 264 False
MouseMove 1216 265 False
MouseMove 1214 265 False
MouseMove 1212 265 False
MouseMove 1211 265 False
MouseMove 1210 266 False
MouseMove 1208 266 False
MouseMove 1206 266 False
MouseMove 1204 266 False
MouseMove 1203 267 False
MouseMove 1201 267 False
MouseMove 1200 268 False
MouseMove 1197 268 False
MouseMove 1195 268 False
MouseMove 1193 269 False
MouseMove 1192 269 False
MouseMove 1190 270 False
MouseMove 1188 270 False
MouseMove 1179 271 False
MouseMove 1176 271 False
MouseMove 1174 272 False
MouseMove 1172 272 False
MouseMove 1170 272 False
MouseMove 1169 273 False
MouseMove 1168 273 False
MouseMove 1166 273 False
MouseMove 1165 273 False
MouseMove 1164 273 False
MouseMove 1164 274 False
MouseMove 1167 275 False
MouseMove 1171 276 False
MouseMove 1174 277 False
MouseMove 1177 278 False
MouseMove 1181 279 False
MouseMove 1183 279 False
MouseMove 1186 279 False
MouseMove 1188 279 False
MouseMove 1190 279 False
MouseMove 1192 279 False
MouseMove 1194 279 False
MouseMove 1195 278 False
MouseMove 1196 278 False
MouseMove 1197 278 False
MouseMove 1197 277 False
MouseMove 1199 277 False
MouseMove 1200 277 False
MouseMove 1201 277 False
MouseMove 1201 276 False
MouseMove 1202 275 False
MouseMove 1203 274 False
MouseMove 1202 274 False
MouseMove 1203 274 False
MouseMove 1203 273 False
MouseMove 1204 273 False
MouseMove 1203 273 False
MouseMove 1204 273 False
MouseMove 1203 273 False
MouseMove 1205 273 False
MouseMove 1201 274 False
MouseMove 1197 274 False
MouseMove 1194 275 False
MouseMove 1198 275 False
MouseMove 1200 275 False
MouseMove 1203 276 False
MouseMove 1205 276 False
MouseMove 1206 276 False
MouseMove 1208 277 False
MouseMove 1210 277 False
MouseMove 1212 278 False
MouseMove 1213 278 False
MouseMove 1214 278 False
MouseMove 1215 278 False
MouseMove 1216 278 False
MouseMove 1217 279 False
MouseMove 1219 279 False
MouseMove 1220 279 False
MouseMove 1219 279 False
MouseMove 1217 279 False
MouseMove 1216 279 False
MouseMove 1215 279 False
MouseMove 1214 279 False
MouseMove 1215 279 False
MouseMove 1214 279 False
MouseMove 1214 278 False
MouseMove 1215 278 False
MouseMove 1214 278 False
MouseMove 1215 278 False
MouseMove 1214 278 False
MouseMove 1213 278 False
MouseMove 1212 277 False
MouseMove 1212 278 False
MouseMove 1213 278 False
MouseMove 1212 278 False
MouseMove 1213 278 False
MouseMove 1215 278 False
MouseMove 1213 278 False
MouseDown-BACKSPACE 1213 278 False
MouseMove 1212 278 False
MouseMove 1211 278 False
MouseMove 1213 278 False
MouseMove 1212 278 False
MouseMove 1213 278 False
MouseMove 1211 278 False
MouseMove 1212 279 False
MouseMove 1214 279 False
MouseMove 1215 279 False
MouseMove 1215 280 False
MouseMove 1216 280 False
MouseMove 1217 280 False
MouseMove 1218 281 False
MouseMove 1219 281 False
MouseMove 1220 281 False
MouseMove 1222 281 False
MouseMove 1223 281 False
MouseMove 1224 281 False
MouseMove 1225 280 False
MouseMove 1226 280 False
MouseMove 1227 280 False
MouseMove 1228 280 False
MouseMove 1228 279 False
MouseMove 1228 280 False
MouseDown-BACKSPACE 1228 280 False
MouseMove 1228 281 False
MouseMove 1228 280 False
MouseMove 1227 281 False
MouseMove 1225 281 False
MouseMove 1217 281 False
MouseMove 1218 281 False
MouseMove 1211 281 False
MouseMove 1213 282 False
MouseMove 1214 282 False
MouseMove 1214 283 False
MouseMove 1210 284 False
MouseMove 1202 286 False
MouseMove 1194 291 False
MouseMove 1184 298 False
MouseMove 1172 308 False
MouseMove 1160 321 False
MouseMove 1144 338 False
MouseMove 1128 356 False
MouseMove 1113 377 False
MouseMove 1083 397 False
MouseMove 1056 417 False
MouseMove 1035 437 False
MouseMove 1001 456 False
MouseMove 981 473 False
MouseMove 950 490 False
MouseMove 926 504 False
MouseMove 902 518 False
MouseMove 873 531 False
MouseMove 848 546 False
MouseMove 829 559 False
MouseMove 813 571 False
MouseMove 797 582 False
MouseMove 780 592 False
MouseMove 768 602 False
MouseMove 755 611 False
MouseMove 740 619 False
MouseMove 731 627 False
MouseMove 719 634 False
MouseMove 709 641 False
MouseMove 701 647 False
MouseMove 695 653 False
MouseMove 688 658 False
MouseMove 681 662 False
MouseMove 675 667 False
MouseMove 669 671 False
MouseMove 665 675 False
MouseMove 661 678 False
MouseMove 658 681 False
MouseMove 654 683 False
MouseMove 652 685 False
MouseMove 650 687 False
MouseMove 648 688 False
MouseMove 646 690 False
MouseMove 650 691 False
MouseMove 649 690 False
MouseMove 649 689 False
MouseMove 650 688 False
MouseMove 654 685 False
MouseMove 650 685 False
MouseMove 651 682 False
MouseMove 653 679 False
MouseMove 657 677 False
MouseMove 653 676 False
MouseMove 655 677 False
MouseMove 654 677 False
MouseMove 656 674 False
MouseMove 653 673 False
MouseMove 652 672 False
MouseMove 650 669 False
MouseMove 649 668 False
MouseMove 650 668 False
MouseMove 650 669 False
MouseMove 650 667 False
MouseMove 650 666 False
MouseMove 656 665 False
MouseMove 655 664 False
MouseMove 656 663 False
MouseMove 656 662 False
MouseMove 656 659 False
MouseMove 655 657 False
MouseMove 655 655 False
MouseMove 655 656 False
MouseMove 660 657 False
MouseMove 661 656 False
MouseMove 661 655 False
MouseMove 657 653 False
MouseMove 661 651 False
MouseMove 660 649 False
MouseMove 661 646 False
MouseMove 663 642 False
MouseMove 664 639 False
MouseMove 669 635 False
MouseMove 677 631 False
MouseMove 680 626 False
MouseMove 690 620 False
MouseMove 708 615 False
MouseMove 708 610 False
MouseMove 708 605 False
MouseMove 719 600 False
MouseMove 726 595 False
MouseMove 736 590 False
MouseMove 744 585 False
MouseMove 753 580 False
MouseMove 759 576 False
MouseMove 771 572 False
MouseMove 779 569 False
MouseMove 787 566 False
MouseMove 794 564 False
MouseMove 799 562 False
MouseMove 805 559 False
MouseMove 805 557 False
MouseMove 805 555 False
MouseMove 805 553 False
MouseMove 805 552 False
MouseMove 815 551 False
MouseMove 819 549 False
MouseMove 833 548 False
MouseMove 834 547 False
MouseMove 830 547 False
MouseMove 837 546 False
MouseMove 844 546 False
MouseMove 838 546 False
MouseMove 845 546 False
MouseMove 852 546 False
MouseMove 846 546 False
MouseMove 859 546 False
MouseMove 852 546 False
MouseMove 848 544 False
MouseMove 850 543 False
MouseMove 846 542 False
MouseMove 843 541 False
MouseMove 842 541 False
MouseMove 842 540 False
MouseMove 839 540 False
MouseMove 838 539 False
MouseMove 836 539 False
MouseMove 834 538 False
MouseMove 833 538 False
MouseMove 831 538 False
MouseMove 830 538 False
MouseMove 829 538 False
MouseMove 828 537 False
MouseMove 837 538 False
MouseMove 845 539 False
MouseMove 852 539 False
MouseMove 857 540 False
MouseMove 862 540 False
MouseMove 866 541 False
MouseMove 867 542 False
MouseMove 871 542 False
MouseMove 874 543 False
MouseMove 867 542 False
MouseMove 870 542 False
MouseMove 864 541 False
MouseMove 858 540 False
MouseMove 852 540 False
MouseMove 855 539 False
MouseMove 850 538 False
MouseMove 847 538 False
MouseMove 844 538 False
MouseMove 850 538 False
MouseMove 848 538 False
MouseMove 846 538 False
MouseMove 844 538 False
MouseMove 850 538 False
MouseMove 856 538 False
MouseMove 851 538 False
MouseMove 848 538 False
MouseMove 844 537 False
MouseMove 841 537 False
MouseMove 839 537 False
MouseMove 837 537 False
MouseMove 836 538 False
MouseMove 841 538 False
MouseMove 838 538 False
MouseMove 835 537 False
MouseMove 840 537 False
MouseMove 838 537 False
MouseMove 835 537 False
MouseMove 833 537 False
MouseMove 830 537 False
MouseMove 838 538 False
MouseMove 843 538 False
MouseMove 846 539 False
MouseMove 850 539 False
MouseMove 855 540 False
MouseMove 860 540 False
MouseMove 853 541 False
MouseMove 847 541 False
MouseMove 852 541 False
MouseMove 846 541 False
MouseMove 850 541 False
MouseMove 846 541 False
MouseMove 843 540 False
MouseMove 840 539 False
MouseMove 838 539 False
MouseMove 836 539 False
MouseMove 844 539 False
MouseMove 844 538 False
MouseMove 845 538 False
MouseMove 844 537 False
MouseMove 846 537 False
MouseMove 847 537 False
MouseMove 844 537 False
MouseMove 846 537 False
MouseMove 844 537 False
MouseMove 846 537 False
MouseMove 847 537 False
MouseMove 850 537 False
MouseMove 851 536 False
MouseMove 853 536 False
MouseMove 848 536 False
MouseMove 851 536 False
MouseMove 846 536 False
MouseMove 859 537 False
MouseMove 863 537 False
MouseMove 857 537 False
MouseMove 861 537 False
MouseMove 865 537 False
MouseMove 860 537 False
MouseMove 863 536 False
MouseMove 862 536 False
MouseMove 865 537 False
MouseMove 859 536 False
MouseMove 853 536 False
MouseMove 847 537 False
MouseMove 843 536 False
MouseMove 841 536 False
MouseMove 843 536 False
MouseMove 850 536 False
MouseMove 852 536 False
MouseMove 851 536 False
MouseMove 852 536 False
MouseMove 849 536 False
MouseMove 847 536 False
MouseMove 848 535 False
MouseMove 853 535 False
MouseMove 857 535 False
MouseMove 860 534 False
MouseMove 864 533 False
MouseMove 867 532 False
MouseMove 869 530 False
MouseMove 876 529 False
MouseMove 883 528 False
MouseMove 889 527 False
MouseMove 894 527 False
MouseMove 893 526 False
MouseMove 891 525 False
MouseMove 890 524 False
MouseMove 895 523 False
MouseMove 892 522 False
MouseMove 889 520 False
MouseMove 894 519 False
MouseMove 897 519 False
MouseMove 900 518 False
MouseMove 893 516 False
MouseMove 889 515 False
MouseMove 885 514 False
MouseMove 877 512 False
MouseMove 871 510 False
MouseMove 865 508 False
MouseMove 863 507 False
MouseMove 859 506 False
MouseMove 862 504 False
MouseMove 857 503 False
MouseMove 858 501 False
MouseMove 860 499 False
MouseMove 861 498 False
MouseMove 854 495 False
MouseMove 848 493 False
MouseMove 842 491 False
MouseMove 843 490 False
MouseMove 838 488 False
MouseMove 833 486 False
MouseMove 834 485 False
MouseMove 834 484 False
MouseMove 829 482 False
MouseMove 830 481 False
MouseMove 831 479 False
MouseMove 830 477 False
MouseMove 830 475 False
MouseMove 830 472 False
MouseMove 829 470 False
MouseMove 829 468 False
MouseMove 829 466 False
MouseMove 828 464 False
MouseMove 829 462 False
MouseMove 830 460 False
MouseMove 831 459 False
MouseMove 833 459 False
MouseMove 835 459 False
MouseMove 828 459 False
MouseMove 830 461 False
MouseMove 833 463 False
MouseMove 835 465 False
MouseMove 832 467 False
MouseMove 836 470 False
MouseMove 833 473 False
MouseMove 839 476 False
MouseMove 844 479 False
MouseMove 849 483 False
MouseMove 854 486 False
MouseMove 857 490 False
MouseMove 860 492 False
MouseMove 854 494 False
MouseMove 856 494 False
MouseMove 856 493 False
MouseMove 856 492 False
MouseMove 857 491 False
MouseMove 856 490 False
MouseMove 853 488 False
MouseMove 851 487 False
MouseMove 850 485 False
MouseMove 847 484 False
MouseMove 844 483 False
MouseMove 841 481 False
MouseMove 836 478 False
MouseMove 834 476 False
MouseMove 830 472 False
MouseMove 826 469 False
MouseMove 823 467 False
MouseMove 818 463 False
MouseMove 813 460 False
MouseMove 808 457 False
MouseMove 802 453 False
MouseMove 797 449 False
MouseMove 792 445 False
MouseMove 788 442 False
MouseMove 785 439 False
MouseMove 782 436 False
MouseMove 779 434 False
MouseMove 776 432 False
MouseMove 774 429 False
MouseMove 772 427 False
MouseMove 770 425 False
MouseMove 768 425 False
MouseMove 766 427 False
MouseMove 765 430 False
MouseMove 764 434 False
MouseMove 764 439 False
MouseMove 764 445 False
MouseMove 764 451 False
MouseMove 765 457 False
MouseMove 765 462 False
MouseMove 767 467 False
MouseMove 763 473 False
MouseMove 760 477 False
MouseMove 755 479 False
MouseMove 751 480 False
MouseMove 748 477 False
MouseMove 741 473 False
MouseMove 738 463 False
MouseMove 735 455 False
MouseMove 736 440 False
MouseMove 736 424 False
MouseMove 739 407 False
MouseMove 740 392 False
MouseMove 776 408 False
MouseMove 807 425 False
MouseMove 823 445 False
MouseMove 834 468 False
MouseMove 843 496 False
MouseMove 845 526 False
MouseMove 839 551 False
MouseMove 835 570 False
MouseMove 837 584 False
MouseMove 835 592 False
MouseMove 838 595 False
MouseMove 839 595 False
MouseMove 838 593 False
MouseMove 837 589 False
MouseMove 834 583 False
MouseMove 830 576 False
MouseMove 828 569 False
MouseMove 826 560 False
MouseMove 823 551 False
MouseMove 819 542 False
MouseMove 817 533 False
MouseMove 815 524 False
MouseMove 811 514 False
MouseMove 807 504 False
MouseMove 802 494 False
MouseMove 798 484 False
MouseMove 794 475 False
MouseMove 791 467 False
MouseMove 789 460 False
MouseMove 786 453 False
MouseMove 786 448 False
MouseMove 785 445 False
MouseMove 786 443 False
MouseMove 787 441 False
MouseMove 790 441 False
MouseMove 793 442 False
MouseMove 798 444 False
MouseMove 802 447 False
MouseMove 807 450 False
MouseMove 812 454 False
MouseMove 818 458 False
MouseMove 823 462 False
MouseMove 827 466 False
MouseMove 834 470 False
MouseMove 837 475 False
MouseMove 840 479 False
MouseMove 844 483 False
MouseMove 842 487 False
MouseMove 845 491 False
MouseMove 849 495 False
MouseMove 852 499 False
MouseMove 855 503 False
MouseMove 857 506 False
MouseMove 859 509 False
MouseMove 860 512 False
MouseMove 860 515 False
MouseMove 861 517 False
MouseMove 861 519 False
MouseMove 862 520 False
MouseMove 862 521 False
MouseMove 862 522 False
MouseMove 863 523 False
MouseMove 864 523 False
MouseMove 865 523 False
MouseMove 864 523 False
MouseMove 862 523 False
MouseMove 857 523 False
MouseMove 852 523 False
MouseMove 848 523 False
MouseMove 849 523 False
MouseMove 847 523 False
MouseMove 848 523 False
MouseMove 850 523 False
MouseMove 851 523 False
MouseMove 851 522 False
MouseMove 851 521 False
MouseMove 851 520 False
MouseMove 851 519 False
MouseMove 851 518 False
MouseMove 851 517 False
MouseMove 852 516 False
MouseMove 853 514 False
MouseMove 854 513 False
MouseMove 853 512 False
MouseMove 853 511 False
MouseMove 852 510 False
MouseMove 853 509 False
MouseMove 854 509 False
MouseMove 853 509 False
MouseMove 854 509 False
MouseMove 853 508 False
MouseMove 854 509 False
MouseMove 853 508 False
MouseMove 853 507 False
MouseMove 852 506 False
MouseMove 852 505 False
MouseMove 853 505 False
MouseMove 852 504 False
MouseMove 853 504 False
MouseMove 852 503 False
MouseMove 851 503 False
MouseMove 850 503 False
MouseMove 849 503 False
MouseMove 847 503 False
MouseMove 846 503 False
MouseMove 845 504 False
MouseMove 844 504 False
MouseMove 844 505 False
MouseMove 843 504 False
MouseMove 844 503 False
MouseMove 844 501 False
MouseMove 846 497 False
MouseMove 848 491 False
MouseMove 850 485 False
MouseMove 854 477 False
MouseMove 858 469 False
MouseMove 863 461 False
MouseMove 869 453 False
MouseMove 878 444 False
MouseMove 889 434 False
MouseMove 902 424 False
MouseMove 917 413 False
MouseMove 935 400 False
MouseMove 950 387 False
MouseMove 972 374 False
MouseMove 995 360 False
MouseMove 1017 347 False
MouseMove 1037 334 False
MouseMove 1055 322 False
MouseMove 1073 311 False
MouseMove 1087 301 False
MouseMove 1100 293 False
MouseMove 1110 286 False
MouseMove 1120 280 False
MouseMove 1128 275 False
MouseMove 1135 270 False
MouseMove 1141 267 False
MouseMove 1147 265 False
MouseMove 1153 263 False
MouseMove 1158 262 False
MouseMove 1163 262 False
MouseMove 1170 262 False
MouseMove 1175 263 False
MouseMove 1183 265 False
MouseMove 1190 266 False
MouseMove 1198 267 False
MouseMove 1204 269 False
MouseMove 1209 270 False
MouseMove 1214 271 False
MouseMove 1218 272 False
MouseMove 1222 274 False
MouseMove 1225 275 False
MouseMove 1228 276 False
MouseMove 1230 276 False
MouseMove 1231 277 False
MouseMove 1231 278 False
MouseMove 1230 278 False
MouseMove 1230 279 False
MouseMove 1231 279 False
MouseMove 1232 279 False
MouseMove 1231 279 False
MouseMove 1231 280 False
MouseMove 1231 281 False
MouseMove 1230 281 False
MouseMove 1229 282 False
MouseMove 1228 283 False
MouseMove 1228 284 False
MouseMove 1229 284 False
MouseMove 1228 284 False
MouseMove 1229 285 False
MouseMove 1228 286 False
MouseMove 1229 287 False
MouseMove 1230 288 False
MouseMove 1231 289 False
MouseMove 1230 289 False
MouseMove 1231 290 False
MouseMove 1231 289 False
MouseMove 1229 288 False
MouseMove 1230 287 False
MouseMove 1230 286 False
MouseMove 1230 285 False
MouseDown-BACKSPACE 1230 285 False
MouseMove 1231 284 False
MouseMove 1231 283 False
MouseMove 1231 282 False
MouseMove 1230 282 False
MouseMove 1230 283 False
MouseMove 1228 283 False
MouseMove 1229 283 False
MouseMove 1229 284 False
MouseMove 1228 284 False
MouseMove 1227 284 False
MouseMove 1225 285 False
MouseMove 1224 286 False
MouseMove 1223 287 False
MouseMove 1223 288 False
MouseMove 1222 288 False
MouseMove 1223 288 False
MouseMove 1224 287 False
MouseMove 1225 287 False
MouseMove 1225 286 False
MouseMove 1223 286 False
MouseMove 1224 286 False
MouseMove 1225 286 False
MouseMove 1225 287 False
MouseMove 1226 287 False
MouseMove 1227 288 False
MouseMove 1230 289 False
MouseMove 1232 290 False
MouseMove 1234 292 False
MouseMove 1236 293 False
MouseMove 1237 295 False
MouseMove 1236 296 False
MouseMove 1235 297 False
MouseMove 1238 298 False
MouseMove 1240 300 False
MouseMove 1239 300 False
MouseMove 1239 301 False
MouseMove 1239 300 False
MouseMove 1238 300 False
MouseMove 1238 299 False
MouseMove 1237 299 False
MouseMove 1236 298 False
MouseMove 1235 297 False
MouseMove 1233 296 False
MouseMove 1231 295 False
MouseMove 1230 294 False
MouseMove 1230 293 False
MouseMove 1227 292 False
MouseMove 1227 291 False
MouseMove 1227 290 False
MouseMove 1229 290 False
MouseMove 1231 290 False
MouseMove 1234 291 False
MouseMove 1234 293 False
MouseMove 1235 295 False
MouseMove 1236 296 False
MouseMove 1236 297 False
MouseMove 1235 298 False
MouseMove 1235 299 False
MouseMove 1235 300 False
MouseMove 1234 300 False
MouseMove 1233 300 False
MouseMove 1232 301 False
MouseMove 1230 301 False
MouseMove 1231 300 False
MouseMove 1231 299 False
MouseMove 1232 298 False
MouseMove 1231 296 False
MouseMove 1230 295 False
MouseMove 1230 293 False
MouseMove 1230 292 False
MouseMove 1230 290 False
MouseMove 1229 289 False
MouseMove 1227 288 False
MouseMove 1225 287 False
MouseMove 1222 285 False
MouseMove 1219 284 False
MouseMove 1214 283 False
MouseMove 1209 283 False
MouseMove 1205 282 False
MouseMove 1201 282 False
MouseMove 1196 281 False
MouseMove 1190 280 False
MouseMove 1185 279 False
MouseMove 1182 279 False
MouseMove 1178 279 False
MouseMove 1174 278 False
MouseMove 1171 277 False
MouseMove 1169 277 False
MouseMove 1167 277 False
MouseMove 1165 276 False
MouseMove 1163 275 False
MouseMove 1161 275 False
MouseMove 1160 275 False
MouseMove 1159 274 False
MouseMove 1162 274 False
MouseMove 1164 275 False
MouseMove 1168 275 False
MouseMove 1172 276 False
MouseMove 1176 276 False
MouseMove 1180 277 False
MouseMove 1185 278 False
MouseMove 1190 279 False
MouseMove 1197 280 False
MouseMove 1204 282 False
MouseMove 1209 283 False
MouseMove 1214 284 False
MouseMove 1219 285 False
MouseMove 1223 287 False
MouseMove 1224 289 False
MouseMove 1227 289 False
MouseMove 1230 290 False
MouseMove 1232 291 False
MouseMove 1235 291 False
MouseMove 1237 291 False
MouseMove 1238 291 False
MouseMove 1240 291 False
MouseMove 1241 290 False
MouseMove 1242 290 False
MouseMove 1243 290 False
MouseMove 1238 290 False
MouseMove 1240 290 False
MouseMove 1241 290 False
MouseMove 1242 290 False
MouseMove 1243 290 False
MouseMove 1244 290 False
MouseMove 1245 290 False
MouseMove 1246 291 False
MouseMove 1246 292 False
MouseMove 1245 292 False
MouseMove 1247 293 False
MouseMove 1247 294 False
MouseMove 1247 295 False
MouseMove 1246 295 False
MouseMove 1245 294 False
MouseMove 1243 294 False
MouseMove 1242 294 False
MouseMove 1239 293 False
MouseMove 1235 293 False
MouseMove 1231 292 False
MouseMove 1227 292 False
MouseMove 1224 291 False
MouseMove 1220 291 False
MouseMove 1216 292 False
MouseMove 1213 293 False
MouseMove 1208 294 False
MouseMove 1205 295 False
MouseMove 1202 296 False
MouseMove 1200 298 False
MouseMove 1198 299 False
MouseMove 1196 301 False
MouseMove 1192 303 False
MouseMove 1189 306 False
MouseMove 1185 309 False
MouseMove 1181 313 False
MouseMove 1176 319 False
MouseMove 1167 326 False
MouseMove 1163 337 False
MouseMove 1153 352 False
MouseMove 1130 372 False
MouseMove 1107 395 False