1418057390.66
1418057405.07
1418057426.44
1418057444.01
1418057459.41
6.21197390556
12.8633980751
19.0071280003
22.0948479176
34.7313709259
40.0596199036
48.4135560989
57.7840840816
60.7890810966
65.2795948982
70.8381171227
75.2889430523
79.4326400757
82.2968070507
85.8104441166
90.9653329849
98.9472858906
102.952775002
104.835366964
109.496803999
123.916681051
132.968144894
146.477061987
151.675122976
158.170758963
166.340166092
173.418416977
197.399486065
198.409120083
213.923442125
221.561253071
228.617568016
237.797641993