1418073873.28
1418073876.98
1418073882.3
5.60916304588
15.4863321781
17.8434140682
19.7758100033
23.3488881588
31.1892151833
36.0236430168
40.679254055
45.511852026
47.3767211437
49.7695841789
54.162774086
60.0346992016
61.9725410938
64.4494040012
67.6548740864
71.4094359875
75.4717760086
77.636922121
79.7927510738
81.5357241631
86.1506021023
88.307295084
89.9392402172
93.4532911777
96.8461170197
102.437811136
104.863323212
108.397837162
110.405670166
112.76465106
115.144235134
116.913380146
118.659343004
119.890514135
123.052861214
125.672629118
130.21650815
131.951501131
136.443301201